<?xml version="1.0" encoding="UTF-8"?>
<!-- Generated by org.testng.reporters.JUnitReportReporter -->
<testsuite hostname="DESKTOP-EAPU521" failures="0" tests="1" name="RetrievePdf" time="22.167" errors="0" timestamp="2022-03-22T12:44:44 IST" skipped="0">
  <testcase classname="RetrievePdf" name="pdfTest" time="22.167"/>
  <system-out/>
</testsuite> <!-- RetrievePdf -->
